<?xml version="1.0" encoding="UTF-8"?>
<!-- Generated by org.testng.reporters.JUnitReportReporter -->
<testsuite hostname="DESKTOP-SIU1DMC" name="automate.NewTest" tests="1" failures="0" timestamp="18 Oct 2022 14:22:57 GMT" time="43.621" errors="0">
  <testcase name="f" time="43.621" classname="automate.NewTest"/>
</testsuite> <!-- automate.NewTest -->
